<?xml version="1.0" encoding="UTF-8"?>
<!-- Generated by org.testng.reporters.JUnitReportReporter -->
<testsuite skipped="0" hostname="HP-PC" name="com.orangehrm.testcase.LoginTest" tests="1" failures="0" timestamp="09 Dec 2019 12:07:31 GMT" time="1.520" errors="0">
  <testcase name="adminlogin" time="1.520" classname="com.orangehrm.testcase.LoginTest"/>
</testsuite> <!-- com.orangehrm.testcase.LoginTest -->
